Build started 12/10/2014 10:30:45 PM.
     1>Project "W:\KnightwareGit\LaunchPadLibrary\src\LaunchPadWrapper\LaunchPadWrapper.vcxproj" on node 2 (Rebuild target(s)).
     1>ClCompile:
         C:\Program Files (x86)\Microsoft Visual Studio 12.0\VC\bin\x86_amd64\CL.exe /c /IW:\KnightwareGit\LaunchPadLibrary\src\LaunchPadControlLibrary\ /IW:\KnightwareGit\LaunchPadLibrary\src\RtMidi\ /Zi /nologo /W3 /WX- /O2 /Oi /GL /D WIN32 /D NDEBUG /D _WINDOWS /D _USRDLL /D LAUNCHPADWRAPPER_EXPORTS /D _WINDLL /D _UNICODE /D UNICODE /Gm- /EHsc /MD /GS /Gy /fp:precise /Zc:wchar_t /Zc:forScope /Yc"stdafx.h" /Fp"x64\Release\LaunchPadWrapper.pch" /Fo"x64\Release\\" /Fd"x64\Release\vc120.pdb" /Gd /TP /errorReport:prompt stdafx.cpp
         stdafx.cpp
         C:\Program Files (x86)\Microsoft Visual Studio 12.0\VC\bin\x86_amd64\CL.exe /c /IW:\KnightwareGit\LaunchPadLibrary\src\LaunchPadControlLibrary\ /IW:\KnightwareGit\LaunchPadLibrary\src\RtMidi\ /Zi /nologo /W3 /WX- /O2 /Oi /GL /D WIN32 /D NDEBUG /D _WINDOWS /D _USRDLL /D LAUNCHPADWRAPPER_EXPORTS /D _WINDLL /D _UNICODE /D UNICODE /Gm- /EHsc /MD /GS /Gy /fp:precise /Zc:wchar_t /Zc:forScope /Fo"x64\Release\\" /Fd"x64\Release\vc120.pdb" /Gd /TP /errorReport:prompt dllmain.cpp
         dllmain.cpp
         C:\Program Files (x86)\Microsoft Visual Studio 12.0\VC\bin\x86_amd64\CL.exe /c /IW:\KnightwareGit\LaunchPadLibrary\src\LaunchPadControlLibrary\ /IW:\KnightwareGit\LaunchPadLibrary\src\RtMidi\ /Zi /nologo /W3 /WX- /O2 /Oi /GL /D WIN32 /D NDEBUG /D _WINDOWS /D _USRDLL /D LAUNCHPADWRAPPER_EXPORTS /D _WINDLL /D _UNICODE /D UNICODE /Gm- /EHsc /MD /GS /Gy /fp:precise /Zc:wchar_t /Zc:forScope /Yu"stdafx.h" /Fp"x64\Release\LaunchPadWrapper.pch" /Fo"x64\Release\\" /Fd"x64\Release\vc120.pdb" /Gd /TP /errorReport:prompt LaunchPadWrapper.cpp
         LaunchPadWrapper.cpp
       Link:
         C:\Program Files (x86)\Microsoft Visual Studio 12.0\VC\bin\x86_amd64\link.exe /ERRORREPORT:PROMPT /OUT:"..\..\bin\Release\x64\LaunchPadWrapper.dll" /INCREMENTAL:NO /NOLOGO /LIBPATH:..\..\bin\Release\x64\ rtmidi.lib Winmm.lib LaunchPadControlLibrary.lib kernel32.lib user32.lib gdi32.lib winspool.lib comdlg32.lib advapi32.lib shell32.lib ole32.lib oleaut32.lib uuid.lib odbc32.lib odbccp32.lib /MANIFEST /MANIFESTUAC:"level='asInvoker' uiAccess='false'" /manifest:embed /DEBUG /PDB:"..\..\bin\Release\x64\LaunchPadWrapper.pdb" /SUBSYSTEM:WINDOWS /OPT:REF /OPT:ICF /LTCG /TLBID:1 /DYNAMICBASE /NXCOMPAT /IMPLIB:"..\..\bin\Release\x64\LaunchPadWrapper.lib" /MACHINE:X64 /DLL x64\Release\dllmain.obj
         x64\Release\LaunchPadWrapper.obj
         x64\Release\stdafx.obj
            Creating library ..\..\bin\Release\x64\LaunchPadWrapper.lib and object ..\..\bin\Release\x64\LaunchPadWrapper.exp
         Generating code
         Finished generating code
         LaunchPadWrapper.vcxproj -> W:\KnightwareGit\LaunchPadLibrary\src\LaunchPadWrapper\..\..\bin\Release\x64\LaunchPadWrapper.dll
     1>Done Building Project "W:\KnightwareGit\LaunchPadLibrary\src\LaunchPadWrapper\LaunchPadWrapper.vcxproj" (Rebuild target(s)).

Build succeeded.

Time Elapsed 00:00:05.06
